C:\Program Files (x86)\Microsoft Visual Studio\2017\Enterprise\Common7\IDE\VC\VCTargets\Microsoft.CppBuild.targets(387,5): warning MSB8028: The intermediate directory (Debug\) contains files shared from another project (Main2.vcxproj).  This can lead to incorrect clean and rebuild behavior.
  stdafx.cpp
  Simulacao.cpp
c:\users\joaom\google drive\licenciatura (2016-xxxx)\2017 - 2018\semestre 1\poo\tp\main\ecra.h(8): error C2065: 'COORD': undeclared identifier
c:\users\joaom\google drive\licenciatura (2016-xxxx)\2017 - 2018\semestre 1\poo\tp\main\ecra.h(8): error C2146: syntax error: missing ';' before identifier 'coord'
c:\users\joaom\google drive\licenciatura (2016-xxxx)\2017 - 2018\semestre 1\poo\tp\main\ecra.h(8): error C2065: 'coord': undeclared identifier
c:\users\joaom\google drive\licenciatura (2016-xxxx)\2017 - 2018\semestre 1\poo\tp\main\ecra.h(9): error C2065: 'coord': undeclared identifier
c:\users\joaom\google drive\licenciatura (2016-xxxx)\2017 - 2018\semestre 1\poo\tp\main\ecra.h(9): error C2228: left of '.X' must have class/struct/union
  c:\users\joaom\google drive\licenciatura (2016-xxxx)\2017 - 2018\semestre 1\poo\tp\main\ecra.h(9): note: type is 'unknown-type'
c:\users\joaom\google drive\licenciatura (2016-xxxx)\2017 - 2018\semestre 1\poo\tp\main\ecra.h(10): error C2065: 'coord': undeclared identifier
c:\users\joaom\google drive\licenciatura (2016-xxxx)\2017 - 2018\semestre 1\poo\tp\main\ecra.h(10): error C2228: left of '.Y' must have class/struct/union
  c:\users\joaom\google drive\licenciatura (2016-xxxx)\2017 - 2018\semestre 1\poo\tp\main\ecra.h(10): note: type is 'unknown-type'
c:\users\joaom\google drive\licenciatura (2016-xxxx)\2017 - 2018\semestre 1\poo\tp\main\ecra.h(11): error C2065: 'STD_OUTPUT_HANDLE': undeclared identifier
c:\users\joaom\google drive\licenciatura (2016-xxxx)\2017 - 2018\semestre 1\poo\tp\main\ecra.h(11): error C3861: 'GetStdHandle': identifier not found
c:\users\joaom\google drive\licenciatura (2016-xxxx)\2017 - 2018\semestre 1\poo\tp\main\ecra.h(11): error C2065: 'coord': undeclared identifier
c:\users\joaom\google drive\licenciatura (2016-xxxx)\2017 - 2018\semestre 1\poo\tp\main\ecra.h(11): error C3861: 'SetConsoleCursorPosition': identifier not found
c:\users\joaom\google drive\licenciatura (2016-xxxx)\2017 - 2018\semestre 1\poo\tp\main\ecra.h(15): error C2065: 'COORD': undeclared identifier
c:\users\joaom\google drive\licenciatura (2016-xxxx)\2017 - 2018\semestre 1\poo\tp\main\ecra.h(15): error C2146: syntax error: missing ';' before identifier 'topLeft'
c:\users\joaom\google drive\licenciatura (2016-xxxx)\2017 - 2018\semestre 1\poo\tp\main\ecra.h(15): error C2065: 'topLeft': undeclared identifier
c:\users\joaom\google drive\licenciatura (2016-xxxx)\2017 - 2018\semestre 1\poo\tp\main\ecra.h(16): error C2065: 'HANDLE': undeclared identifier
c:\users\joaom\google drive\licenciatura (2016-xxxx)\2017 - 2018\semestre 1\poo\tp\main\ecra.h(16): error C2146: syntax error: missing ';' before identifier 'console'
c:\users\joaom\google drive\licenciatura (2016-xxxx)\2017 - 2018\semestre 1\poo\tp\main\ecra.h(16): error C2065: 'console': undeclared identifier
c:\users\joaom\google drive\licenciatura (2016-xxxx)\2017 - 2018\semestre 1\poo\tp\main\ecra.h(16): error C2065: 'STD_OUTPUT_HANDLE': undeclared identifier
c:\users\joaom\google drive\licenciatura (2016-xxxx)\2017 - 2018\semestre 1\poo\tp\main\ecra.h(16): error C3861: 'GetStdHandle': identifier not found
c:\users\joaom\google drive\licenciatura (2016-xxxx)\2017 - 2018\semestre 1\poo\tp\main\ecra.h(17): error C2065: 'CONSOLE_SCREEN_BUFFER_INFO': undeclared identifier
c:\users\joaom\google drive\licenciatura (2016-xxxx)\2017 - 2018\semestre 1\poo\tp\main\ecra.h(17): error C2146: syntax error: missing ';' before identifier 'screen'
c:\users\joaom\google drive\licenciatura (2016-xxxx)\2017 - 2018\semestre 1\poo\tp\main\ecra.h(17): error C2065: 'screen': undeclared identifier
c:\users\joaom\google drive\licenciatura (2016-xxxx)\2017 - 2018\semestre 1\poo\tp\main\ecra.h(18): error C2065: 'DWORD': undeclared identifier
c:\users\joaom\google drive\licenciatura (2016-xxxx)\2017 - 2018\semestre 1\poo\tp\main\ecra.h(18): error C2146: syntax error: missing ';' before identifier 'written'
c:\users\joaom\google drive\licenciatura (2016-xxxx)\2017 - 2018\semestre 1\poo\tp\main\ecra.h(18): error C2065: 'written': undeclared identifier
c:\users\joaom\google drive\licenciatura (2016-xxxx)\2017 - 2018\semestre 1\poo\tp\main\ecra.h(20): error C2065: 'console': undeclared identifier
c:\users\joaom\google drive\licenciatura (2016-xxxx)\2017 - 2018\semestre 1\poo\tp\main\ecra.h(20): error C2065: 'screen': undeclared identifier
c:\users\joaom\google drive\licenciatura (2016-xxxx)\2017 - 2018\semestre 1\poo\tp\main\ecra.h(20): error C3861: 'GetConsoleScreenBufferInfo': identifier not found
c:\users\joaom\google drive\licenciatura (2016-xxxx)\2017 - 2018\semestre 1\poo\tp\main\ecra.h(22): error C2065: 'console': undeclared identifier
c:\users\joaom\google drive\licenciatura (2016-xxxx)\2017 - 2018\semestre 1\poo\tp\main\ecra.h(22): error C2065: 'screen': undeclared identifier
c:\users\joaom\google drive\licenciatura (2016-xxxx)\2017 - 2018\semestre 1\poo\tp\main\ecra.h(22): error C2228: left of '.dwSize' must have class/struct/union
  c:\users\joaom\google drive\licenciatura (2016-xxxx)\2017 - 2018\semestre 1\poo\tp\main\ecra.h(22): note: type is 'unknown-type'
c:\users\joaom\google drive\licenciatura (2016-xxxx)\2017 - 2018\semestre 1\poo\tp\main\ecra.h(22): error C2228: left of '.X' must have class/struct/union
c:\users\joaom\google drive\licenciatura (2016-xxxx)\2017 - 2018\semestre 1\poo\tp\main\ecra.h(22): error C2228: left of '.Y' must have class/struct/union
c:\users\joaom\google drive\licenciatura (2016-xxxx)\2017 - 2018\semestre 1\poo\tp\main\ecra.h(22): error C2065: 'topLeft': undeclared identifier
c:\users\joaom\google drive\licenciatura (2016-xxxx)\2017 - 2018\semestre 1\poo\tp\main\ecra.h(22): error C2065: 'written': undeclared identifier
c:\users\joaom\google drive\licenciatura (2016-xxxx)\2017 - 2018\semestre 1\poo\tp\main\ecra.h(21): error C3861: 'FillConsoleOutputCharacterA': identifier not found
c:\users\joaom\google drive\licenciatura (2016-xxxx)\2017 - 2018\semestre 1\poo\tp\main\ecra.h(25): error C2065: 'console': undeclared identifier
c:\users\joaom\google drive\licenciatura (2016-xxxx)\2017 - 2018\semestre 1\poo\tp\main\ecra.h(25): error C2065: 'FOREGROUND_GREEN': undeclared identifier
c:\users\joaom\google drive\licenciatura (2016-xxxx)\2017 - 2018\semestre 1\poo\tp\main\ecra.h(25): error C2065: 'FOREGROUND_RED': undeclared identifier
c:\users\joaom\google drive\licenciatura (2016-xxxx)\2017 - 2018\semestre 1\poo\tp\main\ecra.h(25): error C2065: 'FOREGROUND_BLUE': undeclared identifier
c:\users\joaom\google drive\licenciatura (2016-xxxx)\2017 - 2018\semestre 1\poo\tp\main\ecra.h(26): error C2065: 'screen': undeclared identifier
c:\users\joaom\google drive\licenciatura (2016-xxxx)\2017 - 2018\semestre 1\poo\tp\main\ecra.h(26): error C2228: left of '.dwSize' must have class/struct/union
  c:\users\joaom\google drive\licenciatura (2016-xxxx)\2017 - 2018\semestre 1\poo\tp\main\ecra.h(26): note: type is 'unknown-type'
c:\users\joaom\google drive\licenciatura (2016-xxxx)\2017 - 2018\semestre 1\poo\tp\main\ecra.h(26): error C2228: left of '.X' must have class/struct/union
c:\users\joaom\google drive\licenciatura (2016-xxxx)\2017 - 2018\semestre 1\poo\tp\main\ecra.h(26): error C2228: left of '.Y' must have class/struct/union
c:\users\joaom\google drive\licenciatura (2016-xxxx)\2017 - 2018\semestre 1\poo\tp\main\ecra.h(26): error C2065: 'topLeft': undeclared identifier
c:\users\joaom\google drive\licenciatura (2016-xxxx)\2017 - 2018\semestre 1\poo\tp\main\ecra.h(26): error C2065: 'written': undeclared identifier
c:\users\joaom\google drive\licenciatura (2016-xxxx)\2017 - 2018\semestre 1\poo\tp\main\ecra.h(24): error C3861: 'FillConsoleOutputAttribute': identifier not found
c:\users\joaom\google drive\licenciatura (2016-xxxx)\2017 - 2018\semestre 1\poo\tp\main\ecra.h(28): error C2065: 'console': undeclared identifier
c:\users\joaom\google drive\licenciatura (2016-xxxx)\2017 - 2018\semestre 1\poo\tp\main\ecra.h(28): error C2065: 'topLeft': undeclared identifier
c:\users\joaom\google drive\licenciatura (2016-xxxx)\2017 - 2018\semestre 1\poo\tp\main\ecra.h(28): error C3861: 'SetConsoleCursorPosition': identifier not found
  Ninho.cpp
  Migalha.cpp
  Mapa.cpp
c:\users\joaom\google drive\licenciatura (2016-xxxx)\2017 - 2018\semestre 1\poo\tp\main\ecra.h(8): error C2065: 'COORD': undeclared identifier
c:\users\joaom\google drive\licenciatura (2016-xxxx)\2017 - 2018\semestre 1\poo\tp\main\ecra.h(8): error C2146: syntax error: missing ';' before identifier 'coord'
c:\users\joaom\google drive\licenciatura (2016-xxxx)\2017 - 2018\semestre 1\poo\tp\main\ecra.h(8): error C2065: 'coord': undeclared identifier
c:\users\joaom\google drive\licenciatura (2016-xxxx)\2017 - 2018\semestre 1\poo\tp\main\ecra.h(9): error C2065: 'coord': undeclared identifier
c:\users\joaom\google drive\licenciatura (2016-xxxx)\2017 - 2018\semestre 1\poo\tp\main\ecra.h(9): error C2228: left of '.X' must have class/struct/union
  c:\users\joaom\google drive\licenciatura (2016-xxxx)\2017 - 2018\semestre 1\poo\tp\main\ecra.h(9): note: type is 'unknown-type'
c:\users\joaom\google drive\licenciatura (2016-xxxx)\2017 - 2018\semestre 1\poo\tp\main\ecra.h(10): error C2065: 'coord': undeclared identifier
c:\users\joaom\google drive\licenciatura (2016-xxxx)\2017 - 2018\semestre 1\poo\tp\main\ecra.h(10): error C2228: left of '.Y' must have class/struct/union
  c:\users\joaom\google drive\licenciatura (2016-xxxx)\2017 - 2018\semestre 1\poo\tp\main\ecra.h(10): note: type is 'unknown-type'
c:\users\joaom\google drive\licenciatura (2016-xxxx)\2017 - 2018\semestre 1\poo\tp\main\ecra.h(11): error C2065: 'STD_OUTPUT_HANDLE': undeclared identifier
c:\users\joaom\google drive\licenciatura (2016-xxxx)\2017 - 2018\semestre 1\poo\tp\main\ecra.h(11): error C3861: 'GetStdHandle': identifier not found
c:\users\joaom\google drive\licenciatura (2016-xxxx)\2017 - 2018\semestre 1\poo\tp\main\ecra.h(11): error C2065: 'coord': undeclared identifier
c:\users\joaom\google drive\licenciatura (2016-xxxx)\2017 - 2018\semestre 1\poo\tp\main\ecra.h(11): error C3861: 'SetConsoleCursorPosition': identifier not found
c:\users\joaom\google drive\licenciatura (2016-xxxx)\2017 - 2018\semestre 1\poo\tp\main\ecra.h(15): error C2065: 'COORD': undeclared identifier
c:\users\joaom\google drive\licenciatura (2016-xxxx)\2017 - 2018\semestre 1\poo\tp\main\ecra.h(15): error C2146: syntax error: missing ';' before identifier 'topLeft'
c:\users\joaom\google drive\licenciatura (2016-xxxx)\2017 - 2018\semestre 1\poo\tp\main\ecra.h(15): error C2065: 'topLeft': undeclared identifier
c:\users\joaom\google drive\licenciatura (2016-xxxx)\2017 - 2018\semestre 1\poo\tp\main\ecra.h(16): error C2065: 'HANDLE': undeclared identifier
c:\users\joaom\google drive\licenciatura (2016-xxxx)\2017 - 2018\semestre 1\poo\tp\main\ecra.h(16): error C2146: syntax error: missing ';' before identifier 'console'
c:\users\joaom\google drive\licenciatura (2016-xxxx)\2017 - 2018\semestre 1\poo\tp\main\ecra.h(16): error C2065: 'console': undeclared identifier
c:\users\joaom\google drive\licenciatura (2016-xxxx)\2017 - 2018\semestre 1\poo\tp\main\ecra.h(16): error C2065: 'STD_OUTPUT_HANDLE': undeclared identifier
c:\users\joaom\google drive\licenciatura (2016-xxxx)\2017 - 2018\semestre 1\poo\tp\main\ecra.h(16): error C3861: 'GetStdHandle': identifier not found
c:\users\joaom\google drive\licenciatura (2016-xxxx)\2017 - 2018\semestre 1\poo\tp\main\ecra.h(17): error C2065: 'CONSOLE_SCREEN_BUFFER_INFO': undeclared identifier
c:\users\joaom\google drive\licenciatura (2016-xxxx)\2017 - 2018\semestre 1\poo\tp\main\ecra.h(17): error C2146: syntax error: missing ';' before identifier 'screen'
c:\users\joaom\google drive\licenciatura (2016-xxxx)\2017 - 2018\semestre 1\poo\tp\main\ecra.h(17): error C2065: 'screen': undeclared identifier
c:\users\joaom\google drive\licenciatura (2016-xxxx)\2017 - 2018\semestre 1\poo\tp\main\ecra.h(18): error C2065: 'DWORD': undeclared identifier
c:\users\joaom\google drive\licenciatura (2016-xxxx)\2017 - 2018\semestre 1\poo\tp\main\ecra.h(18): error C2146: syntax error: missing ';' before identifier 'written'
c:\users\joaom\google drive\licenciatura (2016-xxxx)\2017 - 2018\semestre 1\poo\tp\main\ecra.h(18): error C2065: 'written': undeclared identifier
c:\users\joaom\google drive\licenciatura (2016-xxxx)\2017 - 2018\semestre 1\poo\tp\main\ecra.h(20): error C2065: 'console': undeclared identifier
c:\users\joaom\google drive\licenciatura (2016-xxxx)\2017 - 2018\semestre 1\poo\tp\main\ecra.h(20): error C2065: 'screen': undeclared identifier
c:\users\joaom\google drive\licenciatura (2016-xxxx)\2017 - 2018\semestre 1\poo\tp\main\ecra.h(20): error C3861: 'GetConsoleScreenBufferInfo': identifier not found
c:\users\joaom\google drive\licenciatura (2016-xxxx)\2017 - 2018\semestre 1\poo\tp\main\ecra.h(22): error C2065: 'console': undeclared identifier
c:\users\joaom\google drive\licenciatura (2016-xxxx)\2017 - 2018\semestre 1\poo\tp\main\ecra.h(22): error C2065: 'screen': undeclared identifier
c:\users\joaom\google drive\licenciatura (2016-xxxx)\2017 - 2018\semestre 1\poo\tp\main\ecra.h(22): error C2228: left of '.dwSize' must have class/struct/union
  c:\users\joaom\google drive\licenciatura (2016-xxxx)\2017 - 2018\semestre 1\poo\tp\main\ecra.h(22): note: type is 'unknown-type'
c:\users\joaom\google drive\licenciatura (2016-xxxx)\2017 - 2018\semestre 1\poo\tp\main\ecra.h(22): error C2228: left of '.X' must have class/struct/union
c:\users\joaom\google drive\licenciatura (2016-xxxx)\2017 - 2018\semestre 1\poo\tp\main\ecra.h(22): error C2228: left of '.Y' must have class/struct/union
c:\users\joaom\google drive\licenciatura (2016-xxxx)\2017 - 2018\semestre 1\poo\tp\main\ecra.h(22): error C2065: 'topLeft': undeclared identifier
c:\users\joaom\google drive\licenciatura (2016-xxxx)\2017 - 2018\semestre 1\poo\tp\main\ecra.h(22): error C2065: 'written': undeclared identifier
c:\users\joaom\google drive\licenciatura (2016-xxxx)\2017 - 2018\semestre 1\poo\tp\main\ecra.h(21): error C3861: 'FillConsoleOutputCharacterA': identifier not found
c:\users\joaom\google drive\licenciatura (2016-xxxx)\2017 - 2018\semestre 1\poo\tp\main\ecra.h(25): error C2065: 'console': undeclared identifier
c:\users\joaom\google drive\licenciatura (2016-xxxx)\2017 - 2018\semestre 1\poo\tp\main\ecra.h(25): error C2065: 'FOREGROUND_GREEN': undeclared identifier
c:\users\joaom\google drive\licenciatura (2016-xxxx)\2017 - 2018\semestre 1\poo\tp\main\ecra.h(25): error C2065: 'FOREGROUND_RED': undeclared identifier
c:\users\joaom\google drive\licenciatura (2016-xxxx)\2017 - 2018\semestre 1\poo\tp\main\ecra.h(25): error C2065: 'FOREGROUND_BLUE': undeclared identifier
c:\users\joaom\google drive\licenciatura (2016-xxxx)\2017 - 2018\semestre 1\poo\tp\main\ecra.h(26): error C2065: 'screen': undeclared identifier
c:\users\joaom\google drive\licenciatura (2016-xxxx)\2017 - 2018\semestre 1\poo\tp\main\ecra.h(26): error C2228: left of '.dwSize' must have class/struct/union
  c:\users\joaom\google drive\licenciatura (2016-xxxx)\2017 - 2018\semestre 1\poo\tp\main\ecra.h(26): note: type is 'unknown-type'
c:\users\joaom\google drive\licenciatura (2016-xxxx)\2017 - 2018\semestre 1\poo\tp\main\ecra.h(26): error C2228: left of '.X' must have class/struct/union
c:\users\joaom\google drive\licenciatura (2016-xxxx)\2017 - 2018\semestre 1\poo\tp\main\ecra.h(26): error C2228: left of '.Y' must have class/struct/union
c:\users\joaom\google drive\licenciatura (2016-xxxx)\2017 - 2018\semestre 1\poo\tp\main\ecra.h(26): error C2065: 'topLeft': undeclared identifier
c:\users\joaom\google drive\licenciatura (2016-xxxx)\2017 - 2018\semestre 1\poo\tp\main\ecra.h(26): error C2065: 'written': undeclared identifier
c:\users\joaom\google drive\licenciatura (2016-xxxx)\2017 - 2018\semestre 1\poo\tp\main\ecra.h(24): error C3861: 'FillConsoleOutputAttribute': identifier not found
c:\users\joaom\google drive\licenciatura (2016-xxxx)\2017 - 2018\semestre 1\poo\tp\main\ecra.h(28): error C2065: 'console': undeclared identifier
c:\users\joaom\google drive\licenciatura (2016-xxxx)\2017 - 2018\semestre 1\poo\tp\main\ecra.h(28): error C2065: 'topLeft': undeclared identifier
c:\users\joaom\google drive\licenciatura (2016-xxxx)\2017 - 2018\semestre 1\poo\tp\main\ecra.h(28): error C3861: 'SetConsoleCursorPosition': identifier not found
  Main.cpp
c:\users\joaom\google drive\licenciatura (2016-xxxx)\2017 - 2018\semestre 1\poo\tp\main\ecra.h(8): error C2065: 'COORD': undeclared identifier
c:\users\joaom\google drive\licenciatura (2016-xxxx)\2017 - 2018\semestre 1\poo\tp\main\ecra.h(8): error C2146: syntax error: missing ';' before identifier 'coord'
c:\users\joaom\google drive\licenciatura (2016-xxxx)\2017 - 2018\semestre 1\poo\tp\main\ecra.h(8): error C2065: 'coord': undeclared identifier
c:\users\joaom\google drive\licenciatura (2016-xxxx)\2017 - 2018\semestre 1\poo\tp\main\ecra.h(9): error C2065: 'coord': undeclared identifier
c:\users\joaom\google drive\licenciatura (2016-xxxx)\2017 - 2018\semestre 1\poo\tp\main\ecra.h(9): error C2228: left of '.X' must have class/struct/union
  c:\users\joaom\google drive\licenciatura (2016-xxxx)\2017 - 2018\semestre 1\poo\tp\main\ecra.h(9): note: type is 'unknown-type'
c:\users\joaom\google drive\licenciatura (2016-xxxx)\2017 - 2018\semestre 1\poo\tp\main\ecra.h(10): error C2065: 'coord': undeclared identifier
c:\users\joaom\google drive\licenciatura (2016-xxxx)\2017 - 2018\semestre 1\poo\tp\main\ecra.h(10): error C2228: left of '.Y' must have class/struct/union
  c:\users\joaom\google drive\licenciatura (2016-xxxx)\2017 - 2018\semestre 1\poo\tp\main\ecra.h(10): note: type is 'unknown-type'
c:\users\joaom\google drive\licenciatura (2016-xxxx)\2017 - 2018\semestre 1\poo\tp\main\ecra.h(11): error C2065: 'STD_OUTPUT_HANDLE': undeclared identifier
c:\users\joaom\google drive\licenciatura (2016-xxxx)\2017 - 2018\semestre 1\poo\tp\main\ecra.h(11): error C3861: 'GetStdHandle': identifier not found
c:\users\joaom\google drive\licenciatura (2016-xxxx)\2017 - 2018\semestre 1\poo\tp\main\ecra.h(11): error C2065: 'coord': undeclared identifier
c:\users\joaom\google drive\licenciatura (2016-xxxx)\2017 - 2018\semestre 1\poo\tp\main\ecra.h(11): error C3861: 'SetConsoleCursorPosition': identifier not found
c:\users\joaom\google drive\licenciatura (2016-xxxx)\2017 - 2018\semestre 1\poo\tp\main\ecra.h(15): error C2065: 'COORD': undeclared identifier
c:\users\joaom\google drive\licenciatura (2016-xxxx)\2017 - 2018\semestre 1\poo\tp\main\ecra.h(15): error C2146: syntax error: missing ';' before identifier 'topLeft'
c:\users\joaom\google drive\licenciatura (2016-xxxx)\2017 - 2018\semestre 1\poo\tp\main\ecra.h(15): error C2065: 'topLeft': undeclared identifier
c:\users\joaom\google drive\licenciatura (2016-xxxx)\2017 - 2018\semestre 1\poo\tp\main\ecra.h(16): error C2065: 'HANDLE': undeclared identifier
c:\users\joaom\google drive\licenciatura (2016-xxxx)\2017 - 2018\semestre 1\poo\tp\main\ecra.h(16): error C2146: syntax error: missing ';' before identifier 'console'
c:\users\joaom\google drive\licenciatura (2016-xxxx)\2017 - 2018\semestre 1\poo\tp\main\ecra.h(16): error C2065: 'console': undeclared identifier
c:\users\joaom\google drive\licenciatura (2016-xxxx)\2017 - 2018\semestre 1\poo\tp\main\ecra.h(16): error C2065: 'STD_OUTPUT_HANDLE': undeclared identifier
c:\users\joaom\google drive\licenciatura (2016-xxxx)\2017 - 2018\semestre 1\poo\tp\main\ecra.h(16): error C3861: 'GetStdHandle': identifier not found
c:\users\joaom\google drive\licenciatura (2016-xxxx)\2017 - 2018\semestre 1\poo\tp\main\ecra.h(17): error C2065: 'CONSOLE_SCREEN_BUFFER_INFO': undeclared identifier
c:\users\joaom\google drive\licenciatura (2016-xxxx)\2017 - 2018\semestre 1\poo\tp\main\ecra.h(17): error C2146: syntax error: missing ';' before identifier 'screen'
c:\users\joaom\google drive\licenciatura (2016-xxxx)\2017 - 2018\semestre 1\poo\tp\main\ecra.h(17): error C2065: 'screen': undeclared identifier
c:\users\joaom\google drive\licenciatura (2016-xxxx)\2017 - 2018\semestre 1\poo\tp\main\ecra.h(18): error C2065: 'DWORD': undeclared identifier
c:\users\joaom\google drive\licenciatura (2016-xxxx)\2017 - 2018\semestre 1\poo\tp\main\ecra.h(18): error C2146: syntax error: missing ';' before identifier 'written'
c:\users\joaom\google drive\licenciatura (2016-xxxx)\2017 - 2018\semestre 1\poo\tp\main\ecra.h(18): error C2065: 'written': undeclared identifier
c:\users\joaom\google drive\licenciatura (2016-xxxx)\2017 - 2018\semestre 1\poo\tp\main\ecra.h(20): error C2065: 'console': undeclared identifier
c:\users\joaom\google drive\licenciatura (2016-xxxx)\2017 - 2018\semestre 1\poo\tp\main\ecra.h(20): error C2065: 'screen': undeclared identifier
c:\users\joaom\google drive\licenciatura (2016-xxxx)\2017 - 2018\semestre 1\poo\tp\main\ecra.h(20): error C3861: 'GetConsoleScreenBufferInfo': identifier not found
c:\users\joaom\google drive\licenciatura (2016-xxxx)\2017 - 2018\semestre 1\poo\tp\main\ecra.h(22): error C2065: 'console': undeclared identifier
c:\users\joaom\google drive\licenciatura (2016-xxxx)\2017 - 2018\semestre 1\poo\tp\main\ecra.h(22): error C2065: 'screen': undeclared identifier
c:\users\joaom\google drive\licenciatura (2016-xxxx)\2017 - 2018\semestre 1\poo\tp\main\ecra.h(22): error C2228: left of '.dwSize' must have class/struct/union
  c:\users\joaom\google drive\licenciatura (2016-xxxx)\2017 - 2018\semestre 1\poo\tp\main\ecra.h(22): note: type is 'unknown-type'
c:\users\joaom\google drive\licenciatura (2016-xxxx)\2017 - 2018\semestre 1\poo\tp\main\ecra.h(22): error C2228: left of '.X' must have class/struct/union
c:\users\joaom\google drive\licenciatura (2016-xxxx)\2017 - 2018\semestre 1\poo\tp\main\ecra.h(22): error C2228: left of '.Y' must have class/struct/union
c:\users\joaom\google drive\licenciatura (2016-xxxx)\2017 - 2018\semestre 1\poo\tp\main\ecra.h(22): error C2065: 'topLeft': undeclared identifier
c:\users\joaom\google drive\licenciatura (2016-xxxx)\2017 - 2018\semestre 1\poo\tp\main\ecra.h(22): error C2065: 'written': undeclared identifier
c:\users\joaom\google drive\licenciatura (2016-xxxx)\2017 - 2018\semestre 1\poo\tp\main\ecra.h(21): error C3861: 'FillConsoleOutputCharacterA': identifier not found
c:\users\joaom\google drive\licenciatura (2016-xxxx)\2017 - 2018\semestre 1\poo\tp\main\ecra.h(25): error C2065: 'console': undeclared identifier
c:\users\joaom\google drive\licenciatura (2016-xxxx)\2017 - 2018\semestre 1\poo\tp\main\ecra.h(25): error C2065: 'FOREGROUND_GREEN': undeclared identifier
c:\users\joaom\google drive\licenciatura (2016-xxxx)\2017 - 2018\semestre 1\poo\tp\main\ecra.h(25): error C2065: 'FOREGROUND_RED': undeclared identifier
c:\users\joaom\google drive\licenciatura (2016-xxxx)\2017 - 2018\semestre 1\poo\tp\main\ecra.h(25): error C2065: 'FOREGROUND_BLUE': undeclared identifier
c:\users\joaom\google drive\licenciatura (2016-xxxx)\2017 - 2018\semestre 1\poo\tp\main\ecra.h(26): error C2065: 'screen': undeclared identifier
c:\users\joaom\google drive\licenciatura (2016-xxxx)\2017 - 2018\semestre 1\poo\tp\main\ecra.h(26): error C2228: left of '.dwSize' must have class/struct/union
  c:\users\joaom\google drive\licenciatura (2016-xxxx)\2017 - 2018\semestre 1\poo\tp\main\ecra.h(26): note: type is 'unknown-type'
c:\users\joaom\google drive\licenciatura (2016-xxxx)\2017 - 2018\semestre 1\poo\tp\main\ecra.h(26): error C2228: left of '.X' must have class/struct/union
c:\users\joaom\google drive\licenciatura (2016-xxxx)\2017 - 2018\semestre 1\poo\tp\main\ecra.h(26): error C2228: left of '.Y' must have class/struct/union
c:\users\joaom\google drive\licenciatura (2016-xxxx)\2017 - 2018\semestre 1\poo\tp\main\ecra.h(26): error C2065: 'topLeft': undeclared identifier
c:\users\joaom\google drive\licenciatura (2016-xxxx)\2017 - 2018\semestre 1\poo\tp\main\ecra.h(26): error C2065: 'written': undeclared identifier
c:\users\joaom\google drive\licenciatura (2016-xxxx)\2017 - 2018\semestre 1\poo\tp\main\ecra.h(24): error C3861: 'FillConsoleOutputAttribute': identifier not found
c:\users\joaom\google drive\licenciatura (2016-xxxx)\2017 - 2018\semestre 1\poo\tp\main\ecra.h(28): error C2065: 'console': undeclared identifier
c:\users\joaom\google drive\licenciatura (2016-xxxx)\2017 - 2018\semestre 1\poo\tp\main\ecra.h(28): error C2065: 'topLeft': undeclared identifier
c:\users\joaom\google drive\licenciatura (2016-xxxx)\2017 - 2018\semestre 1\poo\tp\main\ecra.h(28): error C3861: 'SetConsoleCursorPosition': identifier not found
  Formiga.cpp
  Elemento.cpp
  Ecra.cpp
  Generating Code...
