c:\users\joaom\google drive\licenciatura (2016-xxxx)\2017 - 2018\semestre 1\poo\tp\main\debug\main.pch
c:\users\joaom\google drive\licenciatura (2016-xxxx)\2017 - 2018\semestre 1\poo\tp\main\debug\vc141.pdb
c:\users\joaom\google drive\licenciatura (2016-xxxx)\2017 - 2018\semestre 1\poo\tp\main\debug\vc141.idb
c:\users\joaom\google drive\licenciatura (2016-xxxx)\2017 - 2018\semestre 1\poo\tp\main\debug\stdafx.obj
c:\users\joaom\google drive\licenciatura (2016-xxxx)\2017 - 2018\semestre 1\poo\tp\main\debug\ecra.obj
c:\users\joaom\google drive\licenciatura (2016-xxxx)\2017 - 2018\semestre 1\poo\tp\main\debug\elemento.obj
c:\users\joaom\google drive\licenciatura (2016-xxxx)\2017 - 2018\semestre 1\poo\tp\main\debug\formiga.obj
c:\users\joaom\google drive\licenciatura (2016-xxxx)\2017 - 2018\semestre 1\poo\tp\main\debug\mapa.obj
c:\users\joaom\google drive\licenciatura (2016-xxxx)\2017 - 2018\semestre 1\poo\tp\main\debug\migalha.obj
c:\users\joaom\google drive\licenciatura (2016-xxxx)\2017 - 2018\semestre 1\poo\tp\main\debug\ninho.obj
c:\users\joaom\google drive\licenciatura (2016-xxxx)\2017 - 2018\semestre 1\poo\tp\main\debug\main.obj
c:\users\joaom\google drive\licenciatura (2016-xxxx)\2017 - 2018\semestre 1\poo\tp\main\debug\simulacao.obj
c:\users\joaom\google drive\licenciatura (2016-xxxx)\2017 - 2018\semestre 1\poo\tp\main\debug\ecra (1).obj
c:\users\joaom\google drive\licenciatura (2016-xxxx)\2017 - 2018\semestre 1\poo\tp\main\debug\elemento (1).obj
c:\users\joaom\google drive\licenciatura (2016-xxxx)\2017 - 2018\semestre 1\poo\tp\main\debug\formiga (1).obj
c:\users\joaom\google drive\licenciatura (2016-xxxx)\2017 - 2018\semestre 1\poo\tp\main\debug\migalha (1).obj
c:\users\joaom\google drive\licenciatura (2016-xxxx)\2017 - 2018\semestre 1\poo\tp\main\debug\ninho (1).obj
c:\users\joaom\google drive\licenciatura (2016-xxxx)\2017 - 2018\semestre 1\poo\tp\main\debug\simulacao (1).obj
c:\users\joaom\google drive\licenciatura (2016-xxxx)\2017 - 2018\semestre 1\poo\tp\main\debug\main.new.obj.enc
c:\users\joaom\google drive\licenciatura (2016-xxxx)\2017 - 2018\semestre 1\poo\tp\main\debug\main.obj.enc
c:\users\joaom\google drive\licenciatura (2016-xxxx)\2017 - 2018\semestre 1\poo\tp\main\debug\simulacao.new.obj.enc
c:\users\joaom\google drive\licenciatura (2016-xxxx)\2017 - 2018\semestre 1\poo\tp\main\debug\vc141 (1).idb
c:\users\joaom\google drive\licenciatura (2016-xxxx)\2017 - 2018\semestre 1\poo\tp\main\debug\vc141 (1).pdb
c:\users\joaom\google drive\licenciatura (2016-xxxx)\2017 - 2018\semestre 1\poo\tp\debug\main.pdb
c:\users\joaom\google drive\licenciatura (2016-xxxx)\2017 - 2018\semestre 1\poo\tp\debug\main.exe
c:\users\joaom\google drive\licenciatura (2016-xxxx)\2017 - 2018\semestre 1\poo\tp\debug\main.ilk
c:\users\joaom\google drive\licenciatura (2016-xxxx)\2017 - 2018\semestre 1\poo\tp\main\debug\main.tlog\cl.command.1 (1).tlog
c:\users\joaom\google drive\licenciatura (2016-xxxx)\2017 - 2018\semestre 1\poo\tp\main\debug\main.tlog\cl.command.1.tlog
c:\users\joaom\google drive\licenciatura (2016-xxxx)\2017 - 2018\semestre 1\poo\tp\main\debug\main.tlog\cl.read.1.tlog
c:\users\joaom\google drive\licenciatura (2016-xxxx)\2017 - 2018\semestre 1\poo\tp\main\debug\main.tlog\cl.write.1.tlog
c:\users\joaom\google drive\licenciatura (2016-xxxx)\2017 - 2018\semestre 1\poo\tp\main\debug\main.tlog\link.command.1 (1).tlog
c:\users\joaom\google drive\licenciatura (2016-xxxx)\2017 - 2018\semestre 1\poo\tp\main\debug\main.tlog\link.command.1.tlog
c:\users\joaom\google drive\licenciatura (2016-xxxx)\2017 - 2018\semestre 1\poo\tp\main\debug\main.tlog\link.read.1.tlog
c:\users\joaom\google drive\licenciatura (2016-xxxx)\2017 - 2018\semestre 1\poo\tp\main\debug\main.tlog\link.write.1.tlog
